<?xml version="1.0" encoding="UTF-8"?>
<!-- Generated by org.testng.reporters.JUnitReportReporter -->
<testsuite hostname="LAPTOP-HAN9NHLH" failures="0" tests="4" name="Testpkg.Yaamitestpkg" time="22.148" errors="0" timestamp="2024-06-05T11:12:57 IST" skipped="0">
  <testcase classname="Testpkg.Yaamitestpkg" name="url" time="0.020"/>
  <testcase classname="Testpkg.Yaamitestpkg" name="link" time="4.801"/>
  <testcase classname="Testpkg.Yaamitestpkg" name="screenShot" time="0.541"/>
  <testcase classname="Testpkg.Yaamitestpkg" name="test" time="16.786"/>
</testsuite> <!-- Testpkg.Yaamitestpkg -->
